#
# There is insufficient memory for the Java Runtime Environment to continue.
# Native memory allocation (malloc) failed to allocate 32744 bytes for ChunkPool::allocate
# Possible reasons:
#   The system is out of physical RAM or swap space
#   In 32 bit mode, the process size limit was hit
# Possible solutions:
#   Reduce memory load on the system
#   Increase physical memory or swap space
#   Check if swap backing store is full
#   Use 64 bit Java on a 64 bit OS
#   Decrease Java heap size (-Xmx/-Xms)
#   Decrease number of Java threads
#   Decrease Java thread stack sizes (-Xss)
#   Set larger code cache with -XX:ReservedCodeCacheSize=
# This output file may be truncated or incomplete.
#
#  Out of Memory Error (allocation.cpp:273), pid=11156, tid=0x0000000000002120
#
# JRE version: Java(TM) SE Runtime Environment (8.0_181-b13) (build 1.8.0_181-b13)
# Java VM: Java HotSpot(TM) 64-Bit Server VM (25.181-b13 mixed mode windows-amd64 compressed oops)
# Failed to write core dump. Minidumps are not enabled by default on client versions of Windows
#

---------------  T H R E A D  ---------------

Current thread (0x0000000017e7f800):  JavaThread "C2 CompilerThread0" daemon [_thread_in_native, id=8480, stack(0x00000000194e0000,0x00000000195e0000)]

Stack: [0x00000000194e0000,0x00000000195e0000]
[error occurred during error reporting (printing stack bounds), id 0xc0000005]

Native frames: (J=compiled Java code, j=interpreted, Vv=VM code, C=native code)


Current CompileTask:
C2: 411876 1283       4       org.gradle.internal.logging.console.DefaultRedrawableLabel::redraw (166 bytes)


---------------  P R O C E S S  ---------------

Java Threads: ( => current thread )
  0x000000001a3e4800 JavaThread "forward input" [_thread_blocked, id=15112, stack(0x000000001c2f0000,0x000000001c3f0000)]
  0x000000001a3de800 JavaThread "DisconnectableInputStream source reader" daemon [_thread_in_native, id=15188, stack(0x000000001c1f0000,0x000000001c2f0000)]
  0x000000001a3e3000 JavaThread "pool-1-thread-1" [_thread_blocked, id=13880, stack(0x000000001a5e0000,0x000000001a6e0000)]
  0x0000000017ede000 JavaThread "Service Thread" daemon [_thread_blocked, id=9272, stack(0x0000000019be0000,0x0000000019ce0000)]
  0x0000000017e8b800 JavaThread "C1 CompilerThread2" daemon [_thread_blocked, id=14332, stack(0x00000000196e0000,0x00000000197e0000)]
  0x0000000017e83800 JavaThread "C2 CompilerThread1" daemon [_thread_in_native, id=14752, stack(0x00000000195e0000,0x00000000196e0000)]
=>0x0000000017e7f800 JavaThread "C2 CompilerThread0" daemon [_thread_in_native, id=8480, stack(0x00000000194e0000,0x00000000195e0000)]
  0x0000000017e7d800 JavaThread "Attach Listener" daemon [_thread_blocked, id=14444, stack(0x00000000193e0000,0x00000000194e0000)]
  0x000000000325e000 JavaThread "Signal Dispatcher" daemon [_thread_blocked, id=8668, stack(0x00000000192e0000,0x00000000193e0000)]
  0x0000000003255800 JavaThread "Finalizer" daemon [_thread_blocked, id=15120, stack(0x00000000190e0000,0x00000000191e0000)]
  0x0000000003252000 JavaThread "Reference Handler" daemon [_thread_blocked, id=11284, stack(0x0000000018fe0000,0x00000000190e0000)]
  0x0000000003162800 JavaThread "main" [_thread_in_native, id=7044, stack(0x0000000001880000,0x0000000001980000)]

Other Threads:
  0x0000000017e47800 VMThread [stack: 0x0000000018ee0000,0x0000000018fe0000] [id=7228]
  0x000000001983d000 WatcherThread [stack: 0x0000000019ce0000,0x0000000019de0000] [id=14384]

VM state:not at safepoint (normal execution)

VM Mutex/Monitor currently owned by a thread: None

Heap:
 PSYoungGen      total 38400K, used 18391K [0x00000000d5f00000, 0x00000000d8980000, 0x0000000100000000)
  eden space 33280K, 39% used [0x00000000d5f00000,0x00000000d6bf9120,0x00000000d7f80000)
  from space 5120K, 99% used [0x00000000d7f80000,0x00000000d847cbc0,0x00000000d8480000)
  to   space 5120K, 0% used [0x00000000d8480000,0x00000000d8480000,0x00000000d8980000)
 ParOldGen       total 87552K, used 608K [0x0000000081c00000, 0x0000000087180000, 0x00000000d5f00000)
  object space 87552K, 0% used [0x0000000081c00000,0x0000000081c981e0,0x0000000087180000)
 Metaspace       used 11929K, capacity 12194K, committed 12416K, reserved 1060864K
  class space    used 1555K, capacity 1655K, committed 1664K, reserved 1048576K

Card table byte_map: [0x0000000012710000,0x0000000012b10000] byte_map_base: 0x0000000012302000

Marking Bits: (ParMarkBitMap*) 0x00000000662d2d00
 Begin Bits: [0x00000000131c0000, 0x0000000015150000)
 End Bits:   [0x0000000015150000, 0x00000000170e0000)

Polling page: 0x0000000001980000

CodeCache: size=245760Kb used=4098Kb max_used=4109Kb free=241661Kb
 bounds [0x0000000003350000, 0x0000000003760000, 0x0000000012350000]
 total_blobs=1595 nmethods=1227 adapters=281
 compilation: enabled

Compilation events (10 events):
Event: 248.215 Thread 0x0000000017e7f800 1278       4       java.util.HashMap$HashIterator::hasNext (13 bytes)
Event: 248.216 Thread 0x0000000017e7f800 nmethod 1278 0x0000000003728b50 code [0x0000000003728c80, 0x0000000003728cf8]
Event: 323.400 Thread 0x0000000017e83800 1279       4       java.util.Collections$EmptyList::equals (25 bytes)
Event: 323.402 Thread 0x0000000017e83800 nmethod 1279 0x00000000037527d0 code [0x0000000003752920, 0x00000000037529b8]
Event: 347.115 Thread 0x0000000017e7f800 1280       4       java.util.LinkedHashMap$LinkedHashIterator::hasNext (13 bytes)
Event: 351.482 Thread 0x0000000017e7f800 nmethod 1280 0x0000000003743950 code [0x0000000003743a80, 0x0000000003743af8]
Event: 391.216 Thread 0x0000000017e7f800 1281       4       java.util.ArrayDeque$DeqIterator::hasNext (17 bytes)
Event: 393.036 Thread 0x0000000017e7f800 nmethod 1281 0x00000000037431d0 code [0x0000000003743300, 0x0000000003743378]
Event: 401.115 Thread 0x0000000017e83800 1282       4       org.gradle.internal.logging.console.DefaultAnsiExecutor::positionCursorAt (181 bytes)
Event: 403.715 Thread 0x0000000017e7f800 1283       4       org.gradle.internal.logging.console.DefaultRedrawableLabel::redraw (166 bytes)

GC Heap History (2 events):
Event: 61.325 GC heap before
{Heap before GC invocations=1 (full 0):
 PSYoungGen      total 38400K, used 33280K [0x00000000d5f00000, 0x00000000d8980000, 0x0000000100000000)
  eden space 33280K, 100% used [0x00000000d5f00000,0x00000000d7f80000,0x00000000d7f80000)
  from space 5120K, 0% used [0x00000000d8480000,0x00000000d8480000,0x00000000d8980000)
  to   space 5120K, 0% used [0x00000000d7f80000,0x00000000d7f80000,0x00000000d8480000)
 ParOldGen       total 87552K, used 0K [0x0000000081c00000, 0x0000000087180000, 0x00000000d5f00000)
  object space 87552K, 0% used [0x0000000081c00000,0x0000000081c00000,0x0000000087180000)
 Metaspace       used 9999K, capacity 10302K, committed 10496K, reserved 1058816K
  class space    used 1330K, capacity 1453K, committed 1536K, reserved 1048576K
Event: 61.333 GC heap after
Heap after GC invocations=1 (full 0):
 PSYoungGen      total 38400K, used 5106K [0x00000000d5f00000, 0x00000000d8980000, 0x0000000100000000)
  eden space 33280K, 0% used [0x00000000d5f00000,0x00000000d5f00000,0x00000000d7f80000)
  from space 5120K, 99% used [0x00000000d7f80000,0x00000000d847cbc0,0x00000000d8480000)
  to   space 5120K, 0% used [0x00000000d8480000,0x00000000d8480000,0x00000000d8980000)
 ParOldGen       total 87552K, used 608K [0x0000000081c00000, 0x0000000087180000, 0x00000000d5f00000)
  object space 87552K, 0% used [0x0000000081c00000,0x0000000081c981e0,0x0000000087180000)
 Metaspace       used 9999K, capacity 10302K, committed 10496K, reserved 1058816K
  class space    used 1330K, capacity 1453K, committed 1536K, reserved 1048576K
}

Deoptimization events (8 events):
Event: 22.894 Thread 0x0000000003162800 Uncommon trap: reason=unstable_if action=reinterpret pc=0x00000000034d1a38 method=java.lang.String.startsWith(Ljava/lang/String;I)Z @ 25
Event: 33.530 Thread 0x0000000003162800 Uncommon trap: reason=unstable_if action=reinterpret pc=0x0000000003585d6c method=java.util.HashMap.hash(Ljava/lang/Object;)I @ 1
Event: 33.530 Thread 0x0000000003162800 Uncommon trap: reason=unstable_if action=reinterpret pc=0x000000000354fae8 method=java.util.HashMap.hash(Ljava/lang/Object;)I @ 1
Event: 33.581 Thread 0x0000000003162800 Uncommon trap: reason=unstable_if action=reinterpret pc=0x000000000358823c method=java.util.HashMap.getNode(ILjava/lang/Object;)Ljava/util/HashMap$Node; @ 129
Event: 59.599 Thread 0x0000000003162800 Uncommon trap: reason=unstable_if action=reinterpret pc=0x000000000361d5ac method=java.io.BufferedInputStream.read()I @ 8
Event: 233.758 Thread 0x0000000003162800 Uncommon trap: reason=unstable_if action=reinterpret pc=0x000000000370bff0 method=java.util.concurrent.ConcurrentHashMap.putVal(Ljava/lang/Object;Ljava/lang/Object;Z)Ljava/lang/Object; @ 206
Event: 233.839 Thread 0x000000001a3e3000 Uncommon trap: reason=class_check action=maybe_recompile pc=0x00000000036fa4ec method=org.gradle.internal.logging.console.DefaultColorMap.getColor(Ljava/lang/String;)Lorg/gradle/internal/logging/console/ColorMap$Color; @ 10
Event: 234.003 Thread 0x000000001a3e3000 Uncommon trap: reason=unstable_if action=reinterpret pc=0x00000000036f8cd8 method=java.util.AbstractList.equals(Ljava/lang/Object;)Z @ 2

Classes redefined (0 events):
No events

Internal exceptions (10 events):
Event: 233.773 Thread 0x0000000003162800 Exception <a 'java/lang/NoSuchMethodError': <clinit>> (0x00000000d68a7470) thrown at [C:\re\workspace\8-2-build-windows-amd64-cygwin\jdk8u181\11358\hotspot\src\share\vm\prims\jni.cpp, line 1613]
Event: 233.775 Thread 0x0000000003162800 Exception <a 'java/lang/NoSuchMethodError': <clinit>> (0x00000000d68aeac0) thrown at [C:\re\workspace\8-2-build-windows-amd64-cygwin\jdk8u181\11358\hotspot\src\share\vm\prims\jni.cpp, line 1613]
Event: 233.778 Thread 0x0000000003162800 Exception <a 'java/lang/NoSuchMethodError': <clinit>> (0x00000000d68cb260) thrown at [C:\re\workspace\8-2-build-windows-amd64-cygwin\jdk8u181\11358\hotspot\src\share\vm\prims\jni.cpp, line 1613]
Event: 233.789 Thread 0x0000000003162800 Exception <a 'java/lang/NoSuchMethodError': <clinit>> (0x00000000d6919dd0) thrown at [C:\re\workspace\8-2-build-windows-amd64-cygwin\jdk8u181\11358\hotspot\src\share\vm\prims\jni.cpp, line 1613]
Event: 233.794 Thread 0x0000000003162800 Exception <a 'java/lang/NoSuchMethodError': <clinit>> (0x00000000d693a0e0) thrown at [C:\re\workspace\8-2-build-windows-amd64-cygwin\jdk8u181\11358\hotspot\src\share\vm\prims\jni.cpp, line 1613]
Event: 233.795 Thread 0x0000000003162800 Exception <a 'java/lang/NoSuchMethodError': <clinit>> (0x00000000d6942938) thrown at [C:\re\workspace\8-2-build-windows-amd64-cygwin\jdk8u181\11358\hotspot\src\share\vm\prims\jni.cpp, line 1613]
Event: 233.797 Thread 0x0000000003162800 Exception <a 'java/lang/NoSuchMethodError': <clinit>> (0x00000000d694fb18) thrown at [C:\re\workspace\8-2-build-windows-amd64-cygwin\jdk8u181\11358\hotspot\src\share\vm\prims\jni.cpp, line 1613]
Event: 233.820 Thread 0x0000000003162800 Exception <a 'java/lang/NoSuchMethodError': <clinit>> (0x00000000d6968e18) thrown at [C:\re\workspace\8-2-build-windows-amd64-cygwin\jdk8u181\11358\hotspot\src\share\vm\prims\jni.cpp, line 1613]
Event: 234.737 Thread 0x0000000003162800 Exception <a 'java/lang/NoSuchMethodError': <clinit>> (0x00000000d698f2c8) thrown at [C:\re\workspace\8-2-build-windows-amd64-cygwin\jdk8u181\11358\hotspot\src\share\vm\prims\jni.cpp, line 1613]
Event: 234.739 Thread 0x0000000003162800 Exception <a 'java/lang/NoSuchMethodError': <clinit>> (0x00000000d69990a8) thrown at [C:\re\workspace\8-2-build-windows-amd64-cygwin\jdk8u181\11358\hotspot\src\share\vm\prims\jni.cpp, line 1613]

Events (10 events):
Event: 234.744 loading class org/gradle/util/DisconnectableInputStream$1
Event: 234.744 loading class org/gradle/util/DisconnectableInputStream$1 done
Event: 234.745 Thread 0x000000001a3de800 Thread added: 0x000000001a3de800
Event: 234.745 loading class org/gradle/launcher/daemon/client/InputForwarder$1
Event: 234.745 loading class org/gradle/launcher/daemon/client/InputForwarder$1 done
Event: 234.746 loading class java/nio/channels/AsynchronousCloseException
Event: 234.746 loading class java/nio/channels/ClosedChannelException
Event: 234.746 loading class java/nio/channels/ClosedChannelException done
Event: 234.746 loading class java/nio/channels/AsynchronousCloseException done
Event: 234.746 Thread 0x000000001a3e4800 Thread added: 0x000000001a3e4800


Dynamic libraries:
0x00007ff7a84a0000 - 0x00007ff7a84d7000 	C:\Program Files\Java\jdk1.8.0_181\bin\java.exe
0x00007ffaddeb0000 - 0x00007ffade09d000 	C:\WINDOWS\SYSTEM32\ntdll.dll
0x00007ffadba20000 - 0x00007ffadbad3000 	C:\WINDOWS\System32\KERNEL32.DLL
0x00007ffada080000 - 0x00007ffada313000 	C:\WINDOWS\System32\KERNELBASE.dll
0x00007ffadb0e0000 - 0x00007ffadb183000 	C:\WINDOWS\System32\ADVAPI32.dll
0x00007ffadd830000 - 0x00007ffadd8ce000 	C:\WINDOWS\System32\msvcrt.dll
0x00007ffadb380000 - 0x00007ffadb41e000 	C:\WINDOWS\System32\sechost.dll
0x00007ffadd000000 - 0x00007ffadd122000 	C:\WINDOWS\System32\RPCRT4.dll
0x00007ffaddc80000 - 0x00007ffadde17000 	C:\WINDOWS\System32\USER32.dll
0x00007ffadb0c0000 - 0x00007ffadb0e0000 	C:\WINDOWS\System32\win32u.dll
0x00007ffadcfd0000 - 0x00007ffadcff9000 	C:\WINDOWS\System32\GDI32.dll
0x00007ffada6a0000 - 0x00007ffada83a000 	C:\WINDOWS\System32\gdi32full.dll
0x00007ffad9f80000 - 0x00007ffada020000 	C:\WINDOWS\System32\msvcp_win.dll
0x00007ffada5a0000 - 0x00007ffada69c000 	C:\WINDOWS\System32\ucrtbase.dll
0x00007ffad3840000 - 0x00007ffad3ab9000 	C:\WINDOWS\WinSxS\amd64_microsoft.windows.common-controls_6595b64144ccf1df_6.0.17763.316_none_05b53be2071f46b6\COMCTL32.dll
0x00007ffadd950000 - 0x00007ffaddc7d000 	C:\WINDOWS\System32\combase.dll
0x00007ffada520000 - 0x00007ffada59e000 	C:\WINDOWS\System32\bcryptPrimitives.dll
0x00007ffadb190000 - 0x00007ffadb1be000 	C:\WINDOWS\System32\IMM32.DLL
0x0000000066360000 - 0x0000000066432000 	C:\Program Files\Java\jdk1.8.0_181\jre\bin\msvcr100.dll
0x0000000065ab0000 - 0x0000000066352000 	C:\Program Files\Java\jdk1.8.0_181\jre\bin\server\jvm.dll
0x00007ffadd260000 - 0x00007ffadd268000 	C:\WINDOWS\System32\PSAPI.DLL
0x00007ffad8090000 - 0x00007ffad80b4000 	C:\WINDOWS\SYSTEM32\WINMM.dll
0x00007ffacf6f0000 - 0x00007ffacf6fa000 	C:\WINDOWS\SYSTEM32\VERSION.dll
0x00007ffad7f50000 - 0x00007ffad7f7d000 	C:\WINDOWS\SYSTEM32\WINMMBASE.dll
0x00007ffadaf90000 - 0x00007ffadafda000 	C:\WINDOWS\System32\cfgmgr32.dll
0x00007ffad6f60000 - 0x00007ffad6f69000 	C:\WINDOWS\SYSTEM32\WSOCK32.dll
0x00007ffadb4d0000 - 0x00007ffadb53d000 	C:\WINDOWS\System32\WS2_32.dll
0x0000000065aa0000 - 0x0000000065aaf000 	C:\Program Files\Java\jdk1.8.0_181\jre\bin\verify.dll
0x0000000065a70000 - 0x0000000065a99000 	C:\Program Files\Java\jdk1.8.0_181\jre\bin\java.dll
0x0000000065a50000 - 0x0000000065a66000 	C:\Program Files\Java\jdk1.8.0_181\jre\bin\zip.dll
0x00007ffadbae0000 - 0x00007ffadcfcf000 	C:\WINDOWS\System32\SHELL32.dll
0x00007ffadb420000 - 0x00007ffadb4c8000 	C:\WINDOWS\System32\shcore.dll
0x00007ffada840000 - 0x00007ffadaf8a000 	C:\WINDOWS\System32\windows.storage.dll
0x00007ffad9ed0000 - 0x00007ffad9ef4000 	C:\WINDOWS\System32\profapi.dll
0x00007ffad9f20000 - 0x00007ffad9f7d000 	C:\WINDOWS\System32\powrprof.dll
0x00007ffadd320000 - 0x00007ffadd372000 	C:\WINDOWS\System32\shlwapi.dll
0x00007ffad9f00000 - 0x00007ffad9f11000 	C:\WINDOWS\System32\kernel.appcore.dll
0x00007ffada500000 - 0x00007ffada517000 	C:\WINDOWS\System32\cryptsp.dll
0x0000000065950000 - 0x000000006596a000 	C:\Program Files\Java\jdk1.8.0_181\jre\bin\net.dll
0x00007ffad96e0000 - 0x00007ffad9747000 	C:\WINDOWS\system32\mswsock.dll
0x0000000065930000 - 0x0000000065941000 	C:\Program Files\Java\jdk1.8.0_181\jre\bin\nio.dll
0x00007ffac6fe0000 - 0x00007ffac6ffe000 	C:\Users\priya\.gradle\native\25\windows-amd64\native-platform.dll
0x00007ffad6e80000 - 0x00007ffad6e8a000 	C:\Users\priya\.gradle\native\jansi\1.14\windows64\jansi.dll
0x0000000065a40000 - 0x0000000065a4d000 	C:\Program Files\Java\jdk1.8.0_181\jre\bin\management.dll
0x00007ffad92a0000 - 0x00007ffad92d3000 	C:\WINDOWS\system32\rsaenh.dll
0x00007ffadb090000 - 0x00007ffadb0b6000 	C:\WINDOWS\System32\bcrypt.dll
0x00007ffad9de0000 - 0x00007ffad9e08000 	C:\WINDOWS\SYSTEM32\USERENV.dll
0x00007ffad98b0000 - 0x00007ffad98bc000 	C:\WINDOWS\SYSTEM32\CRYPTBASE.dll
0x00007ffad9440000 - 0x00007ffad947d000 	C:\WINDOWS\SYSTEM32\IPHLPAPI.DLL
0x00007ffadb1c0000 - 0x00007ffadb1c8000 	C:\WINDOWS\System32\NSI.dll
0x00007ffad4fc0000 - 0x00007ffad4fd6000 	C:\WINDOWS\SYSTEM32\dhcpcsvc6.DLL
0x00007ffad4fa0000 - 0x00007ffad4fbc000 	C:\WINDOWS\SYSTEM32\dhcpcsvc.DLL
0x00007ffad9480000 - 0x00007ffad9546000 	C:\WINDOWS\SYSTEM32\DNSAPI.dll

VM Arguments:
jvm_args: -Dorg.gradle.appname=gradlew 
java_command: org.gradle.wrapper.GradleWrapperMain installDebug
java_class_path (initial): E:\ReactNative\tms\android\\gradle\wrapper\gradle-wrapper.jar
Launcher Type: SUN_STANDARD

Environment Variables:
JAVA_HOME=C:\Program Files\Java\jdk1.8.0_181
CLASSPATH=E:\ReactNative\tms\android\\gradle\wrapper\gradle-wrapper.jar
PATH=C:\Python27\;C:\Python27\Scripts;C:\Program Files (x86)\Common Files\Oracle\Java\javapath;C:\WINDOWS\system32;C:\WINDOWS;C:\WINDOWS\System32\Wbem;C:\WINDOWS\System32\WindowsPowerShell\v1.0\;C:\WINDOWS\System32\OpenSSH\;C:\Program Files\dotnet\;C:\Program Files\Microsoft SQL Server\130\Tools\Binn\;C:\Program Files (x86)\Microsoft SQL Server\Client SDK\ODBC\130\Tools\Binn\;C:\Program Files (x86)\Microsoft SQL Server\140\Tools\Binn\;C:\Program Files (x86)\Microsoft SQL Server\140\DTS\Binn\;C:\Program Files (x86)\Microsoft SQL Server\140\Tools\Binn\ManagementStudio\;C:\Program Files\Git\cmd;C:\Users\priya\AppData\Roaming\npm;C:\ProgramData\chocolatey\bin;C:\Program Files\nodejs\;C:\Program Files\Java\jdk1.8.0_181\bin;;C:\Program Files\Microsoft VS Code\bin;C:\Program Files (x86)\PDFtk\bin\;C:\Program Files\nodejs;C:\Users\priya\AppData\Local\GitHubDesktop\bin;C:\Users\priya\AppData\Local\Android\Sdk\platform-tools;C:\Users\priya\AppData\Local\Android\Sdk\tools;C:\Users\priya\AppData\Roaming\npm;C:\Users\priya\AppData\Local\Android\Sdk\emulator;C:\Program Files\Java\jdk1.8.0_181\bin;C:\Users\priya\AppData\Local\Android\Sdk\tools\bin;;%USERPROFILE%\AppData\Local\Microsoft\WindowsApps
USERNAME=priya
OS=Windows_NT
PROCESSOR_IDENTIFIER=Intel64 Family 6 Model 58 Stepping 9, GenuineIntel



---------------  S Y S T E M  ---------------

OS: Windows 10.0 , 64 bit Build 17763 (10.0.17763.292)

CPU:total 4 (initial active 4) (2 cores per cpu, 2 threads per core) family 6 model 58 stepping 9, cmov, cx8, fxsr, mmx, sse, sse2, sse3, ssse3, sse4.1, sse4.2, popcnt, avx, clmul, erms, ht, tsc, tscinvbit, tscinv

Memory: 4k page, physical 8273656k(532588k free), swap 12205816k(0k free)

vm_info: Java HotSpot(TM) 64-Bit Server VM (25.181-b13) for windows-amd64 JRE (1.8.0_181-b13), built on Jul  7 2018 04:01:33 by "java_re" with MS VC++ 10.0 (VS2010)

time: Tue Mar 05 09:34:17 2019
elapsed time: 412 seconds (0d 0h 6m 52s)

